cl : 命令行 warning D9035: “Gm”选项已否决，并将在将来的版本中移除
  autocarDlg.cpp
g:\desktop\debugrob_camerapatrol\autocar\opencv\opencv2\flann\logger.h(66): warning C4996: 'fopen': This function or variable may be unsafe. Consider using fopen_s instead. To disable deprecation, use _CRT_SECURE_NO_WARNINGS. See online help for details.
  c:\program files (x86)\windows kits\10\include\10.0.17763.0\ucrt\stdio.h(208): note: 参见“fopen”的声明
g:\desktop\debugrob_camerapatrol\autocar\tesseract\strngs.h(72): warning C4996: 'strncpy': This function or variable may be unsafe. Consider using strncpy_s instead. To disable deprecation, use _CRT_SECURE_NO_WARNINGS. See online help for details.
  c:\program files (x86)\windows kits\10\include\10.0.17763.0\ucrt\string.h(338): note: 参见“strncpy”的声明
g:\desktop\debugrob_camerapatrol\autocar\autocardlg.cpp(130): warning C4407: 在指向成员表示形式的不同指针之间进行强制转换，编译器可能生成不正确的代码
g:\desktop\debugrob_camerapatrol\autocar\autocardlg.cpp(131): warning C4407: 在指向成员表示形式的不同指针之间进行强制转换，编译器可能生成不正确的代码
g:\desktop\debugrob_camerapatrol\autocar\autocardlg.cpp(132): warning C4407: 在指向成员表示形式的不同指针之间进行强制转换，编译器可能生成不正确的代码
g:\desktop\debugrob_camerapatrol\autocar\autocardlg.cpp(133): warning C4407: 在指向成员表示形式的不同指针之间进行强制转换，编译器可能生成不正确的代码
g:\desktop\debugrob_camerapatrol\autocar\autocardlg.cpp(135): warning C4407: 在指向成员表示形式的不同指针之间进行强制转换，编译器可能生成不正确的代码
g:\desktop\debugrob_camerapatrol\autocar\autocardlg.cpp(137): warning C4407: 在指向成员表示形式的不同指针之间进行强制转换，编译器可能生成不正确的代码
g:\desktop\debugrob_camerapatrol\autocar\autocardlg.cpp(138): warning C4407: 在指向成员表示形式的不同指针之间进行强制转换，编译器可能生成不正确的代码
g:\desktop\debugrob_camerapatrol\autocar\autocardlg.cpp(139): warning C4407: 在指向成员表示形式的不同指针之间进行强制转换，编译器可能生成不正确的代码
g:\desktop\debugrob_camerapatrol\autocar\autocardlg.cpp(140): warning C4407: 在指向成员表示形式的不同指针之间进行强制转换，编译器可能生成不正确的代码
g:\desktop\debugrob_camerapatrol\autocar\autocardlg.cpp(141): warning C4407: 在指向成员表示形式的不同指针之间进行强制转换，编译器可能生成不正确的代码
g:\desktop\debugrob_camerapatrol\autocar\autocardlg.cpp(142): warning C4407: 在指向成员表示形式的不同指针之间进行强制转换，编译器可能生成不正确的代码
g:\desktop\debugrob_camerapatrol\autocar\autocardlg.cpp(143): warning C4407: 在指向成员表示形式的不同指针之间进行强制转换，编译器可能生成不正确的代码
g:\desktop\debugrob_camerapatrol\autocar\autocardlg.cpp(144): warning C4407: 在指向成员表示形式的不同指针之间进行强制转换，编译器可能生成不正确的代码
g:\desktop\debugrob_camerapatrol\autocar\autocardlg.cpp(194): warning C4309: “=”: 截断常量值
g:\desktop\debugrob_camerapatrol\autocar\autocardlg.cpp(368): warning C4018: “<”: 有符号/无符号不匹配
g:\desktop\debugrob_camerapatrol\autocar\autocardlg.cpp(420): warning C4838: 从“PointMode_t”转换到“const char”需要收缩转换
g:\desktop\debugrob_camerapatrol\autocar\autocardlg.cpp(777): warning C4018: “<”: 有符号/无符号不匹配
g:\desktop\debugrob_camerapatrol\autocar\autocardlg.cpp(780): warning C4018: “<”: 有符号/无符号不匹配
g:\desktop\debugrob_camerapatrol\autocar\autocardlg.cpp(900): warning C4018: “<”: 有符号/无符号不匹配
g:\desktop\debugrob_camerapatrol\autocar\autocardlg.cpp(903): warning C4018: “<”: 有符号/无符号不匹配
g:\desktop\debugrob_camerapatrol\autocar\autocardlg.cpp(1006): warning C4018: “<”: 有符号/无符号不匹配
g:\desktop\debugrob_camerapatrol\autocar\autocardlg.cpp(1009): warning C4018: “<”: 有符号/无符号不匹配
  autocar.vcxproj -> G:\Desktop\DebugRob_CameraPatrol\Debug\autocar.exe
