g:\desktop\debugrob_mfc\debug\autocar.pch
g:\desktop\debugrob_mfc\autocar\debug\vc141.pdb
g:\desktop\debugrob_mfc\autocar\debug\vc141.idb
g:\desktop\debugrob_mfc\autocar\debug\stdafx.obj
g:\desktop\debugrob_mfc\autocar\debug\autocar.obj
g:\desktop\debugrob_mfc\autocar\debug\autocardlg.obj
g:\desktop\debugrob_mfc\autocar\debug\cvvimage.obj
g:\desktop\debugrob_mfc\autocar\debug\debugrob.obj
g:\desktop\debugrob_mfc\autocar\debug\comport.obj
g:\desktop\debugrob_mfc\autocar\debug\serialport.obj
g:\desktop\debugrob_mfc\autocar\debug\算术编码.obj
g:\desktop\debugrob_mfc\debug\autocar.exe
g:\desktop\debugrob_mfc\debug\autocar.ilk
g:\desktop\debugrob_mfc\debug\autocar.pdb
g:\desktop\debugrob_mfc\autocar\debug\autocar.res
g:\desktop\debugrob_mfc\autocar\debug\autocar.tlog\cl.command.1.tlog
g:\desktop\debugrob_mfc\autocar\debug\autocar.tlog\cl.read.1.tlog
g:\desktop\debugrob_mfc\autocar\debug\autocar.tlog\cl.write.1.tlog
g:\desktop\debugrob_mfc\autocar\debug\autocar.tlog\link.command.1.tlog
g:\desktop\debugrob_mfc\autocar\debug\autocar.tlog\link.read.1.tlog
g:\desktop\debugrob_mfc\autocar\debug\autocar.tlog\link.write.1.tlog
g:\desktop\debugrob_mfc\autocar\debug\autocar.tlog\metagen.read.1.tlog
g:\desktop\debugrob_mfc\autocar\debug\autocar.tlog\metagen.write.1.tlog
g:\desktop\debugrob_mfc\autocar\debug\autocar.tlog\rc.command.1.tlog
g:\desktop\debugrob_mfc\autocar\debug\autocar.tlog\rc.read.1.tlog
g:\desktop\debugrob_mfc\autocar\debug\autocar.tlog\rc.write.1.tlog
